[INFO ] 2023-01-05 09:59:50.917 [main] Log - Women Drop Enabled
[INFO ] 2023-01-05 10:01:11.322 [main] Log - Women Drop Enabled
[INFO ] 2023-01-05 10:04:46.910 [main] Log - Women Drop Enabled
[INFO ] 2023-01-05 10:05:58.247 [main] Log - Women Drop Enabled
[INFO ] 2023-01-05 10:19:03.202 [main] Log - Women Drop Down Displayed
[INFO ] 2023-01-05 10:19:03.211 [main] Log - Women Drop Down Enabled
[INFO ] 2023-01-05 10:19:03.346 [main] Log - Women Top Drop Down Displayed
[INFO ] 2023-01-05 10:19:03.346 [main] Log - Women Top Drop Down Enabled
[INFO ] 2023-01-05 10:19:05.925 [main] Log -  Jackets Drop Down Displayed
[INFO ] 2023-01-05 10:19:05.926 [main] Log -  Jackets Drop Down Enabled
[INFO ] 2023-01-05 10:19:07.673 [main] Log -  Hoodies Drop Down Displayed
[INFO ] 2023-01-05 10:19:07.674 [main] Log -  Hoodies Drop Down Enabled
[INFO ] 2023-01-05 10:19:10.209 [main] Log -  Tees Drop Down Displayed
[INFO ] 2023-01-05 10:19:10.210 [main] Log -  Tees  Drop Down Enabled
[INFO ] 2023-01-05 10:19:14.002 [main] Log -  Bars Drop Down Displayed
[INFO ] 2023-01-05 10:19:14.002 [main] Log -  Bars  Drop Down Enabled
[INFO ] 2023-01-05 10:19:15.151 [main] Log -  Women Drop Down Displayed
[INFO ] 2023-01-05 10:19:15.152 [main] Log -  Women Drop Down Enabled
[INFO ] 2023-01-05 10:19:15.299 [main] Log -  Women Bottom Drop Down Displayed
[INFO ] 2023-01-05 10:19:15.300 [main] Log -  Women Bottom  Drop Down Enabled
[INFO ] 2023-01-05 10:19:16.476 [main] Log -  Pants Drop Down Displayed
[INFO ] 2023-01-05 10:19:16.476 [main] Log -  Pants  Drop Down Enabled
[INFO ] 2023-01-05 10:19:18.801 [main] Log -  Shorts Drop Down Displayed
[INFO ] 2023-01-05 10:19:18.801 [main] Log -  Shorts  Drop Down Enabled
[INFO ] 2023-01-05 10:19:19.972 [main] Log -  Men  Drop Down Displayed
[INFO ] 2023-01-05 10:19:19.973 [main] Log -  Men  Drop Down Enabled
[INFO ] 2023-01-05 10:19:20.126 [main] Log -  Men Top Drop Down Displayed
[INFO ] 2023-01-05 10:19:20.127 [main] Log -  Men Top  Drop Down Enabled
[INFO ] 2023-01-05 10:19:21.247 [main] Log -  Jackets Drop Down Displayed
[INFO ] 2023-01-05 10:19:21.247 [main] Log -  Jackets Drop Down Enabled
[INFO ] 2023-01-05 10:19:23.589 [main] Log -  Hoodies Drop Down Displayed
[INFO ] 2023-01-05 10:19:23.589 [main] Log -  Hoodies Drop Down Enabled
[INFO ] 2023-01-05 10:19:26.787 [main] Log -  Tees Drop Down Displayed
[INFO ] 2023-01-05 10:19:26.787 [main] Log -  Tees  Drop Down Enabled
[INFO ] 2023-01-05 10:19:29.039 [main] Log - Tanks Drop Down Displayed
[INFO ] 2023-01-05 10:19:29.040 [main] Log - Tanks Drop Down Enabled
[INFO ] 2023-01-05 10:19:30.175 [main] Log -  Men  Drop Down Displayed
[INFO ] 2023-01-05 10:19:30.176 [main] Log -  Men  Drop Down Enabled
[INFO ] 2023-01-05 10:19:30.317 [main] Log -  Men Bottom Drop Down Displayed
[INFO ] 2023-01-05 10:19:30.317 [main] Log -  Men Bottom Drop Down Enabled
[INFO ] 2023-01-05 10:19:31.259 [main] Log -  Pants Drop Down Displayed
[INFO ] 2023-01-05 10:19:31.259 [main] Log -  Pants  Drop Down Enabled
[INFO ] 2023-01-05 10:19:34.066 [main] Log -  Shorts Drop Down Displayed
[INFO ] 2023-01-05 10:19:34.066 [main] Log -  Shorts  Drop Down Enabled
[INFO ] 2023-01-05 10:19:35.215 [main] Log - Gear Drop down  Displayed
[INFO ] 2023-01-05 10:19:35.215 [main] Log - Gear Drop down Enabled
[INFO ] 2023-01-05 10:19:36.209 [main] Log - Women Drop Enabled
[INFO ] 2023-01-05 10:19:36.209 [main] Log - Women Drop Enabled
[INFO ] 2023-01-05 10:19:38.260 [main] Log - Fitness Drop down Displayed
[INFO ] 2023-01-05 10:19:38.262 [main] Log - Fitness Drop down Enabled
[INFO ] 2023-01-05 10:19:40.303 [main] Log - Watches Drop Down Displayed
[INFO ] 2023-01-05 10:19:40.303 [main] Log - Watches Drop Down Enabled
[INFO ] 2023-01-05 10:24:46.404 [main] Log - Women Drop Down Displayed
[INFO ] 2023-01-05 10:24:46.415 [main] Log - Women Drop Down Enabled
[INFO ] 2023-01-05 10:24:46.552 [main] Log - Women Top Drop Down Displayed
[INFO ] 2023-01-05 10:24:46.553 [main] Log - Women Top Drop Down Enabled
[INFO ] 2023-01-05 10:24:49.136 [main] Log -  Jackets Drop Down Displayed
[INFO ] 2023-01-05 10:24:49.137 [main] Log -  Jackets Drop Down Enabled
[INFO ] 2023-01-05 10:24:50.882 [main] Log -  Hoodies Drop Down Displayed
[INFO ] 2023-01-05 10:24:50.883 [main] Log -  Hoodies Drop Down Enabled
[INFO ] 2023-01-05 10:24:53.272 [main] Log -  Tees Drop Down Displayed
[INFO ] 2023-01-05 10:24:53.272 [main] Log -  Tees  Drop Down Enabled
[INFO ] 2023-01-05 10:24:56.747 [main] Log -  Bars Drop Down Displayed
[INFO ] 2023-01-05 10:24:56.748 [main] Log -  Bars  Drop Down Enabled
[INFO ] 2023-01-05 10:24:57.854 [main] Log -  Women Drop Down Displayed
[INFO ] 2023-01-05 10:24:57.855 [main] Log -  Women Drop Down Enabled
[INFO ] 2023-01-05 10:24:57.998 [main] Log -  Women Bottom Drop Down Displayed
[INFO ] 2023-01-05 10:24:57.998 [main] Log -  Women Bottom  Drop Down Enabled
[INFO ] 2023-01-05 10:24:58.971 [main] Log -  Pants Drop Down Displayed
[INFO ] 2023-01-05 10:24:58.971 [main] Log -  Pants  Drop Down Enabled
[INFO ] 2023-01-05 10:25:01.961 [main] Log -  Shorts Drop Down Displayed
[INFO ] 2023-01-05 10:25:01.962 [main] Log -  Shorts  Drop Down Enabled
[INFO ] 2023-01-05 10:25:03.130 [main] Log -  Men  Drop Down Displayed
[INFO ] 2023-01-05 10:25:03.130 [main] Log -  Men  Drop Down Enabled
[INFO ] 2023-01-05 10:25:03.270 [main] Log -  Men Top Drop Down Displayed
[INFO ] 2023-01-05 10:25:03.270 [main] Log -  Men Top  Drop Down Enabled
[INFO ] 2023-01-05 10:25:04.317 [main] Log -  Jackets Drop Down Displayed
[INFO ] 2023-01-05 10:25:04.318 [main] Log -  Jackets Drop Down Enabled
[INFO ] 2023-01-05 10:25:06.963 [main] Log -  Hoodies Drop Down Displayed
[INFO ] 2023-01-05 10:25:06.963 [main] Log -  Hoodies Drop Down Enabled
[INFO ] 2023-01-05 10:25:09.859 [main] Log -  Tees Drop Down Displayed
[INFO ] 2023-01-05 10:25:09.859 [main] Log -  Tees  Drop Down Enabled
[INFO ] 2023-01-05 10:25:12.293 [main] Log - Tanks Drop Down Displayed
[INFO ] 2023-01-05 10:25:12.294 [main] Log - Tanks Drop Down Enabled
[INFO ] 2023-01-05 10:25:13.466 [main] Log -  Men  Drop Down Displayed
[INFO ] 2023-01-05 10:25:13.466 [main] Log -  Men  Drop Down Enabled
[INFO ] 2023-01-05 10:25:13.623 [main] Log -  Men Bottom Drop Down Displayed
[INFO ] 2023-01-05 10:25:13.623 [main] Log -  Men Bottom Drop Down Enabled
[INFO ] 2023-01-05 10:25:15.092 [main] Log -  Pants Drop Down Displayed
[INFO ] 2023-01-05 10:25:15.092 [main] Log -  Pants  Drop Down Enabled
[INFO ] 2023-01-05 10:25:18.279 [main] Log -  Shorts Drop Down Displayed
[INFO ] 2023-01-05 10:25:18.279 [main] Log -  Shorts  Drop Down Enabled
[INFO ] 2023-01-05 10:25:19.430 [main] Log - Gear Drop down  Displayed
[INFO ] 2023-01-05 10:25:19.431 [main] Log - Gear Drop down Enabled
[INFO ] 2023-01-05 10:25:20.548 [main] Log - Women Drop Enabled
[INFO ] 2023-01-05 10:25:20.548 [main] Log - Women Drop Enabled
[INFO ] 2023-01-05 10:25:22.845 [main] Log - Fitness Drop down Displayed
[INFO ] 2023-01-05 10:25:22.846 [main] Log - Fitness Drop down Enabled
[INFO ] 2023-01-05 10:25:24.948 [main] Log - Watches Drop Down Displayed
[INFO ] 2023-01-05 10:25:24.948 [main] Log - Watches Drop Down Enabled
[INFO ] 2023-01-05 10:59:13.103 [main] Log - Women Drop Down Displayed
[INFO ] 2023-01-05 10:59:13.112 [main] Log - Women Drop Down Enabled
[INFO ] 2023-01-05 10:59:13.289 [main] Log - Women Top Drop Down Displayed
[INFO ] 2023-01-05 10:59:13.290 [main] Log - Women Top Drop Down Enabled
[INFO ] 2023-01-05 11:02:16.892 [main] Log - Women Drop Down Displayed
[INFO ] 2023-01-05 11:02:16.899 [main] Log - Women Drop Down Enabled
[INFO ] 2023-01-05 11:02:17.075 [main] Log - Women Top Drop Down Displayed
[INFO ] 2023-01-05 11:02:17.075 [main] Log - Women Top Drop Down Enabled
[INFO ] 2023-01-05 12:19:46.860 [main] Log - Women Drop Down Displayed
[INFO ] 2023-01-05 12:19:46.876 [main] Log - Women Drop Down Enabled
[INFO ] 2023-01-05 12:19:47.090 [main] Log - Women Top Drop Down Displayed
[INFO ] 2023-01-05 12:19:47.090 [main] Log - Women Top Drop Down Enabled
[INFO ] 2023-01-05 12:21:06.583 [main] Log - Women Drop Down Displayed
[INFO ] 2023-01-05 12:21:06.601 [main] Log - Women Drop Down Enabled
[INFO ] 2023-01-05 12:21:06.810 [main] Log - Women Top Drop Down Displayed
[INFO ] 2023-01-05 12:21:06.811 [main] Log - Women Top Drop Down Enabled
[INFO ] 2023-01-05 12:22:21.481 [main] Log - Women Drop Down Displayed
[INFO ] 2023-01-05 12:22:21.495 [main] Log - Women Drop Down Enabled
[INFO ] 2023-01-05 12:22:21.707 [main] Log - Women Top Drop Down Displayed
[INFO ] 2023-01-05 12:22:21.708 [main] Log - Women Top Drop Down Enabled
[INFO ] 2023-01-05 12:24:50.488 [main] Log - Women Drop Down Displayed
[INFO ] 2023-01-05 12:24:50.505 [main] Log - Women Drop Down Enabled
[INFO ] 2023-01-05 12:24:50.720 [main] Log - Women Top Drop Down Displayed
[INFO ] 2023-01-05 12:24:50.721 [main] Log - Women Top Drop Down Enabled
[INFO ] 2023-01-05 12:27:13.152 [main] Log - Women Drop Down Displayed
[INFO ] 2023-01-05 12:27:13.168 [main] Log - Women Drop Down Enabled
[INFO ] 2023-01-05 12:27:13.398 [main] Log - Women Top Drop Down Displayed
[INFO ] 2023-01-05 12:27:13.399 [main] Log - Women Top Drop Down Enabled
[INFO ] 2023-01-05 12:28:29.356 [main] Log - Women Drop Down Displayed
[INFO ] 2023-01-05 12:28:29.367 [main] Log - Women Drop Down Enabled
[INFO ] 2023-01-05 12:28:29.572 [main] Log - Women Top Drop Down Displayed
[INFO ] 2023-01-05 12:28:29.573 [main] Log - Women Top Drop Down Enabled
[INFO ] 2023-01-05 12:34:03.492 [main] Log - Women Drop Down Displayed
[INFO ] 2023-01-05 12:34:03.499 [main] Log - Women Drop Down Enabled
[INFO ] 2023-01-05 12:34:03.673 [main] Log - Women Top Drop Down Displayed
[INFO ] 2023-01-05 12:34:03.673 [main] Log - Women Top Drop Down Enabled
[INFO ] 2023-01-05 12:36:30.658 [main] Log - Women Drop Down Displayed
[INFO ] 2023-01-05 12:36:30.668 [main] Log - Women Drop Down Enabled
[INFO ] 2023-01-05 12:36:30.857 [main] Log - Women Top Drop Down Displayed
[INFO ] 2023-01-05 12:36:30.857 [main] Log - Women Top Drop Down Enabled
[INFO ] 2023-01-05 12:36:38.555 [main] Log -  Hoodies Drop Down Displayed
[INFO ] 2023-01-05 12:36:38.555 [main] Log -  Hoodies Drop Down Enabled
[INFO ] 2023-01-05 12:36:40.956 [main] Log -  Tees Drop Down Displayed
[INFO ] 2023-01-05 12:36:40.956 [main] Log -  Tees  Drop Down Enabled
[INFO ] 2023-01-05 12:40:26.618 [main] Log - Women Drop Down Displayed
[INFO ] 2023-01-05 12:40:26.627 [main] Log - Women Drop Down Enabled
[INFO ] 2023-01-05 12:40:26.809 [main] Log - Women Top Drop Down Displayed
[INFO ] 2023-01-05 12:40:26.809 [main] Log - Women Top Drop Down Enabled
[INFO ] 2023-01-05 12:50:31.071 [main] Log - Women Drop Down Displayed
[INFO ] 2023-01-05 12:50:31.085 [main] Log - Women Drop Down Enabled
[INFO ] 2023-01-05 12:50:31.274 [main] Log - Women Top Drop Down Displayed
[INFO ] 2023-01-05 12:50:31.274 [main] Log - Women Top Drop Down Enabled
[INFO ] 2023-01-05 12:50:33.013 [main] Log - Jackets Top Drop Down Displayed
[INFO ] 2023-01-05 12:50:33.014 [main] Log - Jackets Top Drop Down Enabled
[INFO ] 2023-01-05 12:50:35.860 [main] Log -  Hoodies Drop Down Displayed
[INFO ] 2023-01-05 12:50:35.860 [main] Log -  Hoodies Drop Down Enabled
[INFO ] 2023-01-05 12:50:38.187 [main] Log -  Tees Drop Down Displayed
[INFO ] 2023-01-05 12:50:38.188 [main] Log -  Tees  Drop Down Enabled
[INFO ] 2023-01-05 13:03:46.715 [main] Log - Women Drop Down Displayed
[INFO ] 2023-01-05 13:03:46.725 [main] Log - Women Drop Down Enabled
[INFO ] 2023-01-05 13:03:46.912 [main] Log - Women Top Drop Down Displayed
[INFO ] 2023-01-05 13:03:46.912 [main] Log - Women Top Drop Down Enabled
[INFO ] 2023-01-05 13:03:48.614 [main] Log - Jackets Top Drop Down Displayed
[INFO ] 2023-01-05 13:03:48.615 [main] Log - Jackets Top Drop Down Enabled
[INFO ] 2023-01-05 13:03:51.539 [main] Log - Hoodies Top Drop Down Displayed
[INFO ] 2023-01-05 13:03:51.540 [main] Log - Hoodies Top Drop Down Enabled
[INFO ] 2023-01-05 13:03:53.986 [main] Log - Tees Top Drop Down Displayed
[INFO ] 2023-01-05 13:03:53.986 [main] Log - Tees Top Drop Down Enabled
[INFO ] 2023-01-05 13:03:56.666 [main] Log - Bars Top Drop Down Displayed
[INFO ] 2023-01-05 13:03:56.667 [main] Log - Bars Top Drop Down Enabled
[INFO ] 2023-01-05 13:03:59.112 [main] Log -  Women Drop Down Displayed
[INFO ] 2023-01-05 13:03:59.113 [main] Log -  Women Drop Down Enabled
[INFO ] 2023-01-05 13:03:59.311 [main] Log -  Women Bottom Drop Down Displayed
[INFO ] 2023-01-05 13:03:59.311 [main] Log -  Women Bottom  Drop Down Enabled
[INFO ] 2023-01-05 13:04:00.471 [main] Log - Pants Top Drop Down Displayed
[INFO ] 2023-01-05 13:04:00.471 [main] Log - Pants Top Drop Down Enabled
[INFO ] 2023-01-05 13:04:02.921 [main] Log - Shorts Top Drop Down Displayed
[INFO ] 2023-01-05 13:04:02.921 [main] Log - Shorts Top Drop Down Enabled
[INFO ] 2023-01-05 13:04:04.114 [main] Log -  Men  Drop Down Displayed
[INFO ] 2023-01-05 13:04:04.114 [main] Log -  Men  Drop Down Enabled
[INFO ] 2023-01-05 13:04:04.313 [main] Log -  Men Top Drop Down Displayed
[INFO ] 2023-01-05 13:04:04.313 [main] Log -  Men Top  Drop Down Enabled
[INFO ] 2023-01-05 13:04:05.395 [main] Log - Jackets Top Drop Down Displayed
[INFO ] 2023-01-05 13:04:05.396 [main] Log - Jackets Top Drop Down Enabled
[INFO ] 2023-01-05 13:04:07.734 [main] Log - Hoodies Top Drop Down Displayed
[INFO ] 2023-01-05 13:04:07.735 [main] Log - Hoodies Top Drop Down Enabled
[INFO ] 2023-01-05 13:04:10.084 [main] Log - Tees Top Drop Down Displayed
[INFO ] 2023-01-05 13:04:10.085 [main] Log - Tees Top Drop Down Enabled
[INFO ] 2023-01-05 13:04:12.414 [main] Log - Tanks Top Drop Down Displayed
[INFO ] 2023-01-05 13:04:12.414 [main] Log - Tanks Top Drop Down Enabled
[INFO ] 2023-01-05 13:04:13.592 [main] Log -  Men  Drop Down Displayed
[INFO ] 2023-01-05 13:04:13.593 [main] Log -  Men  Drop Down Enabled
[INFO ] 2023-01-05 13:04:13.786 [main] Log -  Men Bottom Drop Down Displayed
[INFO ] 2023-01-05 13:04:13.786 [main] Log -  Men Bottom Drop Down Enabled
[INFO ] 2023-01-05 13:04:14.873 [main] Log - Pants Top Drop Down Displayed
[INFO ] 2023-01-05 13:04:14.875 [main] Log - Pants Top Drop Down Enabled
[INFO ] 2023-01-05 13:04:17.251 [main] Log - Shorts Top Drop Down Displayed
[INFO ] 2023-01-05 13:04:17.252 [main] Log - Shorts Top Drop Down Enabled
[INFO ] 2023-01-05 13:04:18.448 [main] Log - Gear Drop down  Displayed
[INFO ] 2023-01-05 13:04:18.448 [main] Log - Gear Drop down Enabled
[INFO ] 2023-01-05 13:04:19.534 [main] Log - Bags Top Drop Down Displayed
[INFO ] 2023-01-05 13:04:19.534 [main] Log - Bags Top Drop Down Enabled
[INFO ] 2023-01-05 13:04:21.757 [main] Log - Fitness Top Drop Down Displayed
[INFO ] 2023-01-05 13:04:21.757 [main] Log - Fitness Top Drop Down Enabled
[INFO ] 2023-01-05 13:04:23.938 [main] Log - Watches Top Drop Down Displayed
[INFO ] 2023-01-05 13:04:23.938 [main] Log - Watches Top Drop Down Enabled
[INFO ] 2023-01-05 14:56:12.559 [main] Log - is Displayed
[INFO ] 2023-01-05 14:57:18.916 [main] Log - is Displayed
[INFO ] 2023-01-05 15:08:46.384 [main] Log - Total links are 81
[INFO ] 2023-01-05 15:08:48.886 [main] Log - https://magento.softwaretestingboard.com/customer/account/login/referer/aHR0cHM6Ly9tYWdlbnRvLnNvZnR3YXJldGVzdGluZ2JvYXJkLmNvbS8%2C/ - OK
[INFO ] 2023-01-05 15:08:50.186 [main] Log - https://magento.softwaretestingboard.com/customer/account/create/ - OK
[INFO ] 2023-01-05 15:08:50.938 [main] Log - https://magento.softwaretestingboard.com/ - OK
[INFO ] 2023-01-05 15:08:52.211 [main] Log - https://magento.softwaretestingboard.com/checkout/cart/ - OK
[INFO ] 2023-01-05 15:08:53.233 [main] Log - https://magento.softwaretestingboard.com/catalogsearch/advanced/ - OK
[INFO ] 2023-01-05 15:08:53.961 [main] Log - https://magento.softwaretestingboard.com/#store.menu - OK
[INFO ] 2023-01-05 15:08:54.700 [main] Log - https://magento.softwaretestingboard.com/what-is-new.html - OK
[INFO ] 2023-01-05 15:08:55.483 [main] Log - https://magento.softwaretestingboard.com/women.html - OK
[INFO ] 2023-01-05 15:08:56.694 [main] Log - https://magento.softwaretestingboard.com/women/tops-women.html - OK
[INFO ] 2023-01-05 15:08:57.994 [main] Log - https://magento.softwaretestingboard.com/women/tops-women/jackets-women.html - OK
[INFO ] 2023-01-05 15:08:59.154 [main] Log - https://magento.softwaretestingboard.com/women/tops-women/hoodies-and-sweatshirts-women.html - OK
[INFO ] 2023-01-05 15:09:00.250 [main] Log - https://magento.softwaretestingboard.com/women/tops-women/tees-women.html - OK
[INFO ] 2023-01-05 15:09:01.086 [main] Log - https://magento.softwaretestingboard.com/women/tops-women/tanks-women.html - OK
[INFO ] 2023-01-05 15:09:02.124 [main] Log - https://magento.softwaretestingboard.com/women/bottoms-women.html - OK
[INFO ] 2023-01-05 15:09:03.207 [main] Log - https://magento.softwaretestingboard.com/women/bottoms-women/pants-women.html - OK
[INFO ] 2023-01-05 15:09:04.326 [main] Log - https://magento.softwaretestingboard.com/women/bottoms-women/shorts-women.html - OK
[INFO ] 2023-01-05 15:09:05.287 [main] Log - https://magento.softwaretestingboard.com/men.html - OK
[INFO ] 2023-01-05 15:09:06.114 [main] Log - https://magento.softwaretestingboard.com/men/tops-men.html - OK
[INFO ] 2023-01-05 15:09:07.173 [main] Log - https://magento.softwaretestingboard.com/men/tops-men/jackets-men.html - OK
[INFO ] 2023-01-05 15:09:08.937 [main] Log - https://magento.softwaretestingboard.com/men/tops-men/hoodies-and-sweatshirts-men.html - OK
[INFO ] 2023-01-05 15:09:10.376 [main] Log - https://magento.softwaretestingboard.com/men/tops-men/tees-men.html - OK
[INFO ] 2023-01-05 15:09:11.572 [main] Log - https://magento.softwaretestingboard.com/men/tops-men/tanks-men.html - OK
[INFO ] 2023-01-05 15:09:12.490 [main] Log - https://magento.softwaretestingboard.com/men/bottoms-men.html - OK
[INFO ] 2023-01-05 15:09:13.579 [main] Log - https://magento.softwaretestingboard.com/men/bottoms-men/pants-men.html - OK
[INFO ] 2023-01-05 15:09:14.376 [main] Log - https://magento.softwaretestingboard.com/men/bottoms-men/shorts-men.html - OK
[INFO ] 2023-01-05 15:09:15.418 [main] Log - https://magento.softwaretestingboard.com/gear.html - OK
[INFO ] 2023-01-05 15:09:16.179 [main] Log - https://magento.softwaretestingboard.com/gear/bags.html - OK
[INFO ] 2023-01-05 15:09:17.191 [main] Log - https://magento.softwaretestingboard.com/gear/fitness-equipment.html - OK
[INFO ] 2023-01-05 15:09:19.288 [main] Log - https://magento.softwaretestingboard.com/training.html - OK
[INFO ] 2023-01-05 15:09:20.619 [main] Log - https://magento.softwaretestingboard.com/training/training-video.html - OK
[INFO ] 2023-01-05 15:09:21.448 [main] Log - https://magento.softwaretestingboard.com/sale.html - OK
[INFO ] 2023-01-05 15:09:22.594 [main] Log - https://magento.softwaretestingboard.com/#store.links - OK
[INFO ] 2023-01-05 15:09:23.946 [main] Log - https://magento.softwaretestingboard.com/customer/account/login/referer/aHR0cHM6Ly9tYWdlbnRvLnNvZnR3YXJldGVzdGluZ2JvYXJkLmNvbS8%2C/ - OK
[INFO ] 2023-01-05 15:09:25.144 [main] Log - https://magento.softwaretestingboard.com/customer/account/create/ - OK
[INFO ] 2023-01-05 15:09:26.317 [main] Log - https://magento.softwaretestingboard.com/collections/yoga-new.html - OK
[INFO ] 2023-01-05 15:09:27.344 [main] Log - https://magento.softwaretestingboard.com/promotions/pants-all.html - OK
[INFO ] 2023-01-05 15:09:28.639 [main] Log - https://magento.softwaretestingboard.com/promotions/tees-all.html - OK
[INFO ] 2023-01-05 15:09:30.138 [main] Log - https://magento.softwaretestingboard.com/collections/erin-recommends.html - OK
[INFO ] 2023-01-05 15:09:31.217 [main] Log - https://magento.softwaretestingboard.com/collections/performance-fabrics.html - OK
[INFO ] 2023-01-05 15:09:31.964 [main] Log - https://magento.softwaretestingboard.com/collections/eco-friendly.html - OK
[INFO ] 2023-01-05 17:01:09.164 [main] Log - Product Price :45.0
[INFO ] 2023-01-05 17:01:09.232 [main] Log - Part jacket, part shirt, the Proteus Fitness Jackshirt makes an ideal companion for outdoor training, camping or loafing on crisp days. Natural Cocona® technology brings breathable comfort and increased dryness along with UV protection and odor management. The drop-tail hem provides extra coverage when you're riding a bike or replacing a sink valve.
• 1/4 zip. Stand-up collar.
• Machine wash/dry.
• Quilted inner layer.
[INFO ] 2023-01-05 17:02:45.370 [main] Log - Product Price :45.0
[INFO ] 2023-01-05 17:02:45.421 [main] Log - Part jacket, part shirt, the Proteus Fitness Jackshirt makes an ideal companion for outdoor training, camping or loafing on crisp days. Natural Cocona® technology brings breathable comfort and increased dryness along with UV protection and odor management. The drop-tail hem provides extra coverage when you're riding a bike or replacing a sink valve.
• 1/4 zip. Stand-up collar.
• Machine wash/dry.
• Quilted inner layer.
[INFO ] 2023-01-05 19:16:15.842 [main] Log - is Displayed
[INFO ] 2023-01-05 19:16:22.614 [main] Log - Total links are 81
[INFO ] 2023-01-05 19:16:24.159 [main] Log - https://magento.softwaretestingboard.com/#contentarea - OK
[INFO ] 2023-01-05 19:16:26.357 [main] Log - https://magento.softwaretestingboard.com/customer/account/login/referer/aHR0cHM6Ly9tYWdlbnRvLnNvZnR3YXJldGVzdGluZ2JvYXJkLmNvbS8%2C/ - OK
[INFO ] 2023-01-05 19:16:27.619 [main] Log - https://magento.softwaretestingboard.com/customer/account/create/ - OK
[INFO ] 2023-01-05 19:16:28.829 [main] Log - https://magento.softwaretestingboard.com/ - OK
[INFO ] 2023-01-05 19:16:30.381 [main] Log - https://magento.softwaretestingboard.com/checkout/cart/ - OK
[INFO ] 2023-01-05 19:16:31.464 [main] Log - https://magento.softwaretestingboard.com/catalogsearch/advanced/ - OK
[INFO ] 2023-01-05 19:16:32.403 [main] Log - https://magento.softwaretestingboard.com/#store.menu - OK
[INFO ] 2023-01-05 19:16:33.550 [main] Log - https://magento.softwaretestingboard.com/what-is-new.html - OK
[INFO ] 2023-01-05 19:16:34.783 [main] Log - https://magento.softwaretestingboard.com/women.html - OK
[INFO ] 2023-01-05 19:16:36.613 [main] Log - https://magento.softwaretestingboard.com/women/tops-women.html - OK
[INFO ] 2023-01-05 19:16:37.670 [main] Log - https://magento.softwaretestingboard.com/women/tops-women/jackets-women.html - OK
[INFO ] 2023-01-05 19:16:46.945 [main] Log - https://magento.softwaretestingboard.com/women/tops-women/tees-women.html - OK
[INFO ] 2023-01-05 19:16:48.552 [main] Log - https://magento.softwaretestingboard.com/women/tops-women/tanks-women.html - OK
[INFO ] 2023-01-05 19:16:49.767 [main] Log - https://magento.softwaretestingboard.com/women/bottoms-women.html - OK
[INFO ] 2023-01-05 19:16:51.549 [main] Log - https://magento.softwaretestingboard.com/women/bottoms-women/pants-women.html - OK
[INFO ] 2023-01-05 19:16:52.678 [main] Log - https://magento.softwaretestingboard.com/women/bottoms-women/shorts-women.html - OK
[INFO ] 2023-01-05 19:16:53.766 [main] Log - https://magento.softwaretestingboard.com/men.html - OK
[INFO ] 2023-01-05 19:16:56.107 [main] Log - https://magento.softwaretestingboard.com/men/tops-men.html - OK
[INFO ] 2023-01-05 19:16:57.970 [main] Log - https://magento.softwaretestingboard.com/men/tops-men/jackets-men.html - OK
[INFO ] 2023-01-05 19:16:59.179 [main] Log - https://magento.softwaretestingboard.com/men/tops-men/hoodies-and-sweatshirts-men.html - OK
[INFO ] 2023-01-05 19:17:01.229 [main] Log - https://magento.softwaretestingboard.com/men/tops-men/tees-men.html - OK
[INFO ] 2023-01-05 19:17:03.400 [main] Log - https://magento.softwaretestingboard.com/men/tops-men/tanks-men.html - OK
[INFO ] 2023-01-05 19:17:05.628 [main] Log - https://magento.softwaretestingboard.com/men/bottoms-men.html - OK
[INFO ] 2023-01-05 19:17:06.860 [main] Log - https://magento.softwaretestingboard.com/men/bottoms-men/pants-men.html - OK
[INFO ] 2023-01-05 19:17:09.839 [main] Log - https://magento.softwaretestingboard.com/men/bottoms-men/shorts-men.html - OK
[INFO ] 2023-01-05 19:17:10.910 [main] Log - https://magento.softwaretestingboard.com/gear.html - OK
[INFO ] 2023-01-05 19:17:12.190 [main] Log - https://magento.softwaretestingboard.com/gear/bags.html - OK
[INFO ] 2023-01-05 19:17:14.742 [main] Log - https://magento.softwaretestingboard.com/gear/watches.html - OK
[INFO ] 2023-01-05 19:17:15.926 [main] Log - https://magento.softwaretestingboard.com/training.html - OK
[INFO ] 2023-01-05 19:17:17.405 [main] Log - https://magento.softwaretestingboard.com/training/training-video.html - OK
[INFO ] 2023-01-05 19:17:18.586 [main] Log - https://magento.softwaretestingboard.com/sale.html - OK
[INFO ] 2023-01-05 19:17:22.012 [main] Log - https://magento.softwaretestingboard.com/customer/account/create/ - OK
[INFO ] 2023-01-05 19:17:24.602 [main] Log - https://magento.softwaretestingboard.com/promotions/pants-all.html - OK
[INFO ] 2023-01-05 19:17:25.761 [main] Log - https://magento.softwaretestingboard.com/promotions/tees-all.html - OK
[INFO ] 2023-01-05 19:17:26.693 [main] Log - https://magento.softwaretestingboard.com/collections/erin-recommends.html - OK
[INFO ] 2023-01-05 19:17:28.083 [main] Log - https://magento.softwaretestingboard.com/collections/performance-fabrics.html - OK
[INFO ] 2023-01-05 19:17:29.406 [main] Log - https://magento.softwaretestingboard.com/collections/eco-friendly.html - OK
[INFO ] 2023-01-05 19:17:30.710 [main] Log - https://magento.softwaretestingboard.com/radiant-tee.html - OK
[INFO ] 2023-01-05 19:17:31.833 [main] Log - https://magento.softwaretestingboard.com/radiant-tee.html - OK
[INFO ] 2023-01-05 19:17:32.892 [main] Log - https://magento.softwaretestingboard.com/radiant-tee.html#reviews - OK
[INFO ] 2023-01-05 19:17:34.172 [main] Log - https://magento.softwaretestingboard.com/# - OK
[INFO ] 2023-01-05 19:17:36.059 [main] Log - https://magento.softwaretestingboard.com/# - OK
[INFO ] 2023-01-05 19:17:37.372 [main] Log - https://magento.softwaretestingboard.com/breathe-easy-tank.html - OK
[INFO ] 2023-01-05 19:17:38.600 [main] Log - https://magento.softwaretestingboard.com/breathe-easy-tank.html - OK
[INFO ] 2023-01-05 19:17:39.917 [main] Log - https://magento.softwaretestingboard.com/breathe-easy-tank.html#reviews - OK
[INFO ] 2023-01-05 19:17:41.564 [main] Log - https://magento.softwaretestingboard.com/# - OK
[INFO ] 2023-01-05 19:17:43.668 [main] Log - https://magento.softwaretestingboard.com/# - OK
[INFO ] 2023-01-05 19:17:44.912 [main] Log - https://magento.softwaretestingboard.com/argus-all-weather-tank.html - OK
[INFO ] 2023-01-05 19:17:46.400 [main] Log - https://magento.softwaretestingboard.com/argus-all-weather-tank.html - OK
[INFO ] 2023-01-05 19:17:47.609 [main] Log - https://magento.softwaretestingboard.com/# - OK
[INFO ] 2023-01-05 19:17:48.703 [main] Log - https://magento.softwaretestingboard.com/# - OK
[INFO ] 2023-01-05 19:17:49.780 [main] Log - https://magento.softwaretestingboard.com/hero-hoodie.html - OK
[INFO ] 2023-01-05 19:17:50.931 [main] Log - https://magento.softwaretestingboard.com/hero-hoodie.html - OK
[INFO ] 2023-01-05 19:17:52.103 [main] Log - https://magento.softwaretestingboard.com/# - OK
[INFO ] 2023-01-05 19:17:53.250 [main] Log - https://magento.softwaretestingboard.com/# - OK
[INFO ] 2023-01-05 19:17:54.373 [main] Log - https://magento.softwaretestingboard.com/fusion-backpack.html - OK
[INFO ] 2023-01-05 19:17:55.600 [main] Log - https://magento.softwaretestingboard.com/fusion-backpack.html - OK
[INFO ] 2023-01-05 19:17:56.739 [main] Log - https://magento.softwaretestingboard.com/fusion-backpack.html#reviews - OK
[INFO ] 2023-01-05 19:17:58.056 [main] Log - https://magento.softwaretestingboard.com/# - OK
[INFO ] 2023-01-05 19:17:59.701 [main] Log - https://magento.softwaretestingboard.com/# - OK
[INFO ] 2023-01-05 19:18:00.999 [main] Log - https://magento.softwaretestingboard.com/push-it-messenger-bag.html - OK
[INFO ] 2023-01-05 19:18:02.297 [main] Log - https://magento.softwaretestingboard.com/push-it-messenger-bag.html - OK
[INFO ] 2023-01-05 19:18:03.501 [main] Log - https://magento.softwaretestingboard.com/push-it-messenger-bag.html#reviews - OK
[INFO ] 2023-01-05 19:18:04.676 [main] Log - https://magento.softwaretestingboard.com/# - OK
[INFO ] 2023-01-05 19:18:06.046 [main] Log - https://magento.softwaretestingboard.com/# - OK
[INFO ] 2023-01-05 19:18:07.067 [main] Log - https://softwaretestingboard.com/q2a/4516/can-you-recommend-website-to-practice-selenium?show=4517#a4517 - OK
[INFO ] 2023-01-05 19:18:08.157 [main] Log - https://magento.softwaretestingboard.com/about-us - OK
[INFO ] 2023-01-05 19:18:09.323 [main] Log - https://magento.softwaretestingboard.com/customer-service - OK
[INFO ] 2023-01-05 19:18:10.911 [main] Log - https://softwaretestingboard.com/q2a/ask - OK
[INFO ] 2023-01-05 19:18:13.015 [main] Log - https://softwaretestingboard.com/write-for-us/ - OK
[INFO ] 2023-01-05 19:18:14.897 [main] Log - https://magento.softwaretestingboard.com/search/term/popular/ - OK
[INFO ] 2023-01-05 19:18:17.495 [main] Log - https://magento.softwaretestingboard.com/privacy-policy-cookie-restriction-mode/ - OK
[INFO ] 2023-01-05 19:18:18.801 [main] Log - https://magento.softwaretestingboard.com/catalogsearch/advanced/ - OK
[INFO ] 2023-01-05 19:18:19.799 [main] Log - https://magento.softwaretestingboard.com/sales/guest/form/ - OK
[INFO ] 2023-01-05 19:18:37.561 [main] Log - Women Drop Down Displayed
[INFO ] 2023-01-05 19:18:37.562 [main] Log - Women Drop Down Enabled
[INFO ] 2023-01-05 19:18:37.795 [main] Log - Women Top Drop Down Displayed
[INFO ] 2023-01-05 19:18:37.796 [main] Log - Women Top Drop Down Enabled
[INFO ] 2023-01-05 19:18:40.545 [main] Log - Jackets Top Drop Down Displayed
[INFO ] 2023-01-05 19:18:40.546 [main] Log - Jackets Top Drop Down Enabled
[INFO ] 2023-01-05 19:18:44.090 [main] Log - Hoodies Top Drop Down Displayed
[INFO ] 2023-01-05 19:18:44.091 [main] Log - Hoodies Top Drop Down Enabled
[INFO ] 2023-01-05 19:18:47.169 [main] Log - Tees Top Drop Down Displayed
[INFO ] 2023-01-05 19:18:47.170 [main] Log - Tees Top Drop Down Enabled
[INFO ] 2023-01-05 19:18:50.238 [main] Log - Bars Top Drop Down Displayed
[INFO ] 2023-01-05 19:18:50.239 [main] Log - Bars Top Drop Down Enabled
[INFO ] 2023-01-05 19:18:53.200 [main] Log -  Women Drop Down Displayed
[INFO ] 2023-01-05 19:18:53.201 [main] Log -  Women Drop Down Enabled
[INFO ] 2023-01-05 19:18:53.394 [main] Log -  Women Bottom Drop Down Displayed
[INFO ] 2023-01-05 19:18:53.396 [main] Log -  Women Bottom  Drop Down Enabled
[INFO ] 2023-01-05 19:18:55.812 [main] Log - Pants Top Drop Down Displayed
[INFO ] 2023-01-05 19:18:55.813 [main] Log - Pants Top Drop Down Enabled
[INFO ] 2023-01-05 19:19:00.880 [main] Log - Shorts Top Drop Down Displayed
[INFO ] 2023-01-05 19:19:00.881 [main] Log - Shorts Top Drop Down Enabled
[INFO ] 2023-01-05 19:19:02.115 [main] Log -  Men  Drop Down Displayed
[INFO ] 2023-01-05 19:19:02.116 [main] Log -  Men  Drop Down Enabled
[INFO ] 2023-01-05 19:19:02.327 [main] Log -  Men Top Drop Down Displayed
[INFO ] 2023-01-05 19:19:02.327 [main] Log -  Men Top  Drop Down Enabled
[INFO ] 2023-01-05 19:19:04.881 [main] Log - Jackets Top Drop Down Displayed
[INFO ] 2023-01-05 19:19:04.882 [main] Log - Jackets Top Drop Down Enabled
[INFO ] 2023-01-05 19:19:07.649 [main] Log - Hoodies Top Drop Down Displayed
[INFO ] 2023-01-05 19:19:07.650 [main] Log - Hoodies Top Drop Down Enabled
[INFO ] 2023-01-05 19:19:11.350 [main] Log - Tees Top Drop Down Displayed
[INFO ] 2023-01-05 19:19:11.351 [main] Log - Tees Top Drop Down Enabled
[INFO ] 2023-01-05 19:19:14.680 [main] Log - Tanks Top Drop Down Displayed
[INFO ] 2023-01-05 19:19:14.680 [main] Log - Tanks Top Drop Down Enabled
[INFO ] 2023-01-05 19:19:15.905 [main] Log -  Men  Drop Down Displayed
[INFO ] 2023-01-05 19:19:15.906 [main] Log -  Men  Drop Down Enabled
[INFO ] 2023-01-05 19:19:16.121 [main] Log -  Men Bottom Drop Down Displayed
[INFO ] 2023-01-05 19:19:16.122 [main] Log -  Men Bottom Drop Down Enabled
[INFO ] 2023-01-05 19:19:18.481 [main] Log - Pants Top Drop Down Displayed
[INFO ] 2023-01-05 19:19:18.481 [main] Log - Pants Top Drop Down Enabled
[INFO ] 2023-01-05 19:19:23.160 [main] Log - Shorts Top Drop Down Displayed
[INFO ] 2023-01-05 19:19:23.160 [main] Log - Shorts Top Drop Down Enabled
[INFO ] 2023-01-05 19:19:24.383 [main] Log - Gear Drop down  Displayed
[INFO ] 2023-01-05 19:19:24.383 [main] Log - Gear Drop down Enabled
[INFO ] 2023-01-05 19:19:27.222 [main] Log - Bags Top Drop Down Displayed
[INFO ] 2023-01-05 19:19:27.223 [main] Log - Bags Top Drop Down Enabled
[INFO ] 2023-01-05 19:19:31.444 [main] Log - Fitness Top Drop Down Displayed
[INFO ] 2023-01-05 19:19:31.445 [main] Log - Fitness Top Drop Down Enabled
[INFO ] 2023-01-05 19:19:34.571 [main] Log - Watches Top Drop Down Displayed
[INFO ] 2023-01-05 19:19:34.572 [main] Log - Watches Top Drop Down Enabled
[INFO ] 2023-01-05 19:22:12.010 [main] Log - Product Price :45.0
[INFO ] 2023-01-05 19:22:12.082 [main] Log - Part jacket, part shirt, the Proteus Fitness Jackshirt makes an ideal companion for outdoor training, camping or loafing on crisp days. Natural Cocona® technology brings breathable comfort and increased dryness along with UV protection and odor management. The drop-tail hem provides extra coverage when you're riding a bike or replacing a sink valve.
• 1/4 zip. Stand-up collar.
• Machine wash/dry.
• Quilted inner layer.
