[INFO ] 2023-01-06 08:14:41.929 [main] Log - is Displayed
[INFO ] 2023-01-06 08:17:05.580 [main] Log - is Displayed
[INFO ] 2023-01-06 08:20:21.863 [main] Log - is Displayed
[INFO ] 2023-01-06 08:23:02.363 [main] Log - is Displayed
[INFO ] 2023-01-06 08:26:26.527 [main] Log - is Displayed
[INFO ] 2023-01-06 08:32:53.373 [main] Log - is Displayed
[INFO ] 2023-01-06 08:33:43.595 [main] Log - is Displayed
[INFO ] 2023-01-06 09:31:08.085 [main] Log - is Displayed
[INFO ] 2023-01-06 09:31:08.138 [main] Log - Total links are 81
[INFO ] 2023-01-06 09:31:09.374 [main] Log - https://magento.softwaretestingboard.com/#contentarea - OK
[INFO ] 2023-01-06 09:31:10.774 [main] Log - https://magento.softwaretestingboard.com/customer/account/login/referer/aHR0cHM6Ly9tYWdlbnRvLnNvZnR3YXJldGVzdGluZ2JvYXJkLmNvbS8%2C/ - OK
[INFO ] 2023-01-06 09:31:12.024 [main] Log - https://magento.softwaretestingboard.com/customer/account/create/ - OK
[INFO ] 2023-01-06 09:31:12.732 [main] Log - https://magento.softwaretestingboard.com/ - OK
[INFO ] 2023-01-06 09:31:14.218 [main] Log - https://magento.softwaretestingboard.com/checkout/cart/ - OK
[INFO ] 2023-01-06 09:31:15.502 [main] Log - https://magento.softwaretestingboard.com/catalogsearch/advanced/ - OK
[INFO ] 2023-01-06 09:31:16.409 [main] Log - https://magento.softwaretestingboard.com/#store.menu - OK
[INFO ] 2023-01-06 09:31:17.377 [main] Log - https://magento.softwaretestingboard.com/what-is-new.html - OK
[INFO ] 2023-01-06 09:31:18.034 [main] Log - https://magento.softwaretestingboard.com/women.html - OK
[INFO ] 2023-01-06 09:31:20.584 [main] Log - https://magento.softwaretestingboard.com/women/tops-women.html - OK
[INFO ] 2023-01-06 09:31:21.566 [main] Log - https://magento.softwaretestingboard.com/women/tops-women/jackets-women.html - OK
[INFO ] 2023-01-06 09:31:22.649 [main] Log - https://magento.softwaretestingboard.com/women/tops-women/hoodies-and-sweatshirts-women.html - OK
[INFO ] 2023-01-06 09:31:23.702 [main] Log - https://magento.softwaretestingboard.com/women/tops-women/tees-women.html - OK
[INFO ] 2023-01-06 09:31:25.577 [main] Log - https://magento.softwaretestingboard.com/women/tops-women/tanks-women.html - OK
[INFO ] 2023-01-06 09:31:27.826 [main] Log - https://magento.softwaretestingboard.com/women/bottoms-women.html - OK
[INFO ] 2023-01-06 09:31:28.761 [main] Log - https://magento.softwaretestingboard.com/women/bottoms-women/pants-women.html - OK
[INFO ] 2023-01-06 09:31:30.537 [main] Log - https://magento.softwaretestingboard.com/women/bottoms-women/shorts-women.html - OK
[INFO ] 2023-01-06 09:31:31.568 [main] Log - https://magento.softwaretestingboard.com/men.html - OK
[INFO ] 2023-01-06 09:31:32.449 [main] Log - https://magento.softwaretestingboard.com/men/tops-men.html - OK
[INFO ] 2023-01-06 09:31:33.355 [main] Log - https://magento.softwaretestingboard.com/men/tops-men/jackets-men.html - OK
[INFO ] 2023-01-06 09:31:34.307 [main] Log - https://magento.softwaretestingboard.com/men/tops-men/hoodies-and-sweatshirts-men.html - OK
[INFO ] 2023-01-06 09:31:35.946 [main] Log - https://magento.softwaretestingboard.com/men/tops-men/tees-men.html - OK
[INFO ] 2023-01-06 09:31:37.698 [main] Log - https://magento.softwaretestingboard.com/men/tops-men/tanks-men.html - OK
[INFO ] 2023-01-06 09:31:39.900 [main] Log - https://magento.softwaretestingboard.com/men/bottoms-men.html - OK
[INFO ] 2023-01-06 09:31:41.920 [main] Log - https://magento.softwaretestingboard.com/men/bottoms-men/pants-men.html - OK
[INFO ] 2023-01-06 09:31:43.540 [main] Log - https://magento.softwaretestingboard.com/men/bottoms-men/shorts-men.html - OK
[INFO ] 2023-01-06 09:31:45.184 [main] Log - https://magento.softwaretestingboard.com/gear.html - OK
[INFO ] 2023-01-06 09:31:46.266 [main] Log - https://magento.softwaretestingboard.com/gear/bags.html - OK
[INFO ] 2023-01-06 09:31:48.077 [main] Log - https://magento.softwaretestingboard.com/gear/fitness-equipment.html - OK
[INFO ] 2023-01-06 09:31:48.965 [main] Log - https://magento.softwaretestingboard.com/gear/watches.html - OK
[INFO ] 2023-01-06 09:31:49.605 [main] Log - https://magento.softwaretestingboard.com/training.html - OK
[INFO ] 2023-01-06 09:31:51.006 [main] Log - https://magento.softwaretestingboard.com/training/training-video.html - OK
[INFO ] 2023-01-06 09:31:51.950 [main] Log - https://magento.softwaretestingboard.com/sale.html - OK
[INFO ] 2023-01-06 09:31:52.824 [main] Log - https://magento.softwaretestingboard.com/#store.links - OK
[INFO ] 2023-01-06 09:31:53.958 [main] Log - https://magento.softwaretestingboard.com/customer/account/login/referer/aHR0cHM6Ly9tYWdlbnRvLnNvZnR3YXJldGVzdGluZ2JvYXJkLmNvbS8%2C/ - OK
[INFO ] 2023-01-06 09:31:54.963 [main] Log - https://magento.softwaretestingboard.com/customer/account/create/ - OK
[INFO ] 2023-01-06 09:31:55.872 [main] Log - https://magento.softwaretestingboard.com/collections/yoga-new.html - OK
[INFO ] 2023-01-06 09:31:57.511 [main] Log - https://magento.softwaretestingboard.com/promotions/pants-all.html - OK
[INFO ] 2023-01-06 09:31:59.666 [main] Log - https://magento.softwaretestingboard.com/promotions/tees-all.html - OK
[INFO ] 2023-01-06 09:32:01.581 [main] Log - https://magento.softwaretestingboard.com/collections/erin-recommends.html - OK
[INFO ] 2023-01-06 09:32:03.319 [main] Log - https://magento.softwaretestingboard.com/collections/performance-fabrics.html - OK
[INFO ] 2023-01-06 09:32:05.214 [main] Log - https://magento.softwaretestingboard.com/collections/eco-friendly.html - OK
[INFO ] 2023-01-06 09:32:06.216 [main] Log - https://magento.softwaretestingboard.com/radiant-tee.html - OK
[INFO ] 2023-01-06 09:32:07.078 [main] Log - https://magento.softwaretestingboard.com/radiant-tee.html - OK
[INFO ] 2023-01-06 09:32:07.916 [main] Log - https://magento.softwaretestingboard.com/radiant-tee.html#reviews - OK
[INFO ] 2023-01-06 09:32:08.516 [main] Log - https://magento.softwaretestingboard.com/# - OK
[INFO ] 2023-01-06 09:32:09.392 [main] Log - https://magento.softwaretestingboard.com/# - OK
[INFO ] 2023-01-06 09:32:11.226 [main] Log - https://magento.softwaretestingboard.com/breathe-easy-tank.html - OK
[INFO ] 2023-01-06 09:32:12.129 [main] Log - https://magento.softwaretestingboard.com/breathe-easy-tank.html - OK
[INFO ] 2023-01-06 09:32:12.798 [main] Log - https://magento.softwaretestingboard.com/breathe-easy-tank.html#reviews - OK
[INFO ] 2023-01-06 09:32:13.663 [main] Log - https://magento.softwaretestingboard.com/# - OK
[INFO ] 2023-01-06 09:32:14.556 [main] Log - https://magento.softwaretestingboard.com/# - OK
[INFO ] 2023-01-06 09:32:16.201 [main] Log - https://magento.softwaretestingboard.com/argus-all-weather-tank.html - OK
[INFO ] 2023-01-06 09:32:16.840 [main] Log - https://magento.softwaretestingboard.com/argus-all-weather-tank.html - OK
[INFO ] 2023-01-06 09:32:17.707 [main] Log - https://magento.softwaretestingboard.com/# - OK
[INFO ] 2023-01-06 09:32:18.601 [main] Log - https://magento.softwaretestingboard.com/# - OK
[INFO ] 2023-01-06 09:32:19.486 [main] Log - https://magento.softwaretestingboard.com/hero-hoodie.html - OK
[INFO ] 2023-01-06 09:32:20.374 [main] Log - https://magento.softwaretestingboard.com/hero-hoodie.html - OK
[INFO ] 2023-01-06 09:32:21.332 [main] Log - https://magento.softwaretestingboard.com/# - OK
[INFO ] 2023-01-06 09:32:22.293 [main] Log - https://magento.softwaretestingboard.com/# - OK
[INFO ] 2023-01-06 09:32:23.557 [main] Log - https://magento.softwaretestingboard.com/fusion-backpack.html - OK
[INFO ] 2023-01-06 09:32:24.437 [main] Log - https://magento.softwaretestingboard.com/fusion-backpack.html - OK
[INFO ] 2023-01-06 09:32:25.300 [main] Log - https://magento.softwaretestingboard.com/fusion-backpack.html#reviews - OK
[INFO ] 2023-01-06 09:32:25.902 [main] Log - https://magento.softwaretestingboard.com/# - OK
[INFO ] 2023-01-06 09:32:26.802 [main] Log - https://magento.softwaretestingboard.com/# - OK
[INFO ] 2023-01-06 09:32:28.005 [main] Log - https://magento.softwaretestingboard.com/push-it-messenger-bag.html - OK
[INFO ] 2023-01-06 09:32:28.899 [main] Log - https://magento.softwaretestingboard.com/push-it-messenger-bag.html - OK
[INFO ] 2023-01-06 09:32:29.760 [main] Log - https://magento.softwaretestingboard.com/push-it-messenger-bag.html#reviews - OK
[INFO ] 2023-01-06 09:32:30.647 [main] Log - https://magento.softwaretestingboard.com/# - OK
[INFO ] 2023-01-06 09:32:31.364 [main] Log - https://magento.softwaretestingboard.com/# - OK
[INFO ] 2023-01-06 09:32:32.221 [main] Log - https://softwaretestingboard.com/q2a/4516/can-you-recommend-website-to-practice-selenium?show=4517#a4517 - OK
[INFO ] 2023-01-06 09:32:33.603 [main] Log - https://magento.softwaretestingboard.com/about-us - OK
[INFO ] 2023-01-06 09:32:34.812 [main] Log - https://magento.softwaretestingboard.com/customer-service - OK
[INFO ] 2023-01-06 09:32:35.526 [main] Log - https://softwaretestingboard.com/q2a/ask - OK
[INFO ] 2023-01-06 09:32:36.434 [main] Log - https://softwaretestingboard.com/write-for-us/ - OK
[INFO ] 2023-01-06 09:32:37.639 [main] Log - https://magento.softwaretestingboard.com/search/term/popular/ - OK
[INFO ] 2023-01-06 09:32:39.776 [main] Log - https://magento.softwaretestingboard.com/privacy-policy-cookie-restriction-mode/ - OK
[INFO ] 2023-01-06 09:32:40.746 [main] Log - https://magento.softwaretestingboard.com/catalogsearch/advanced/ - OK
[INFO ] 2023-01-06 09:32:41.980 [main] Log - https://magento.softwaretestingboard.com/sales/guest/form/ - OK
[INFO ] 2023-01-06 09:32:44.451 [main] Log - Women Drop Down Displayed
[INFO ] 2023-01-06 09:32:44.451 [main] Log - Women Drop Down Enabled
[INFO ] 2023-01-06 09:32:44.608 [main] Log - Women Top Drop Down Displayed
[INFO ] 2023-01-06 09:32:44.608 [main] Log - Women Top Drop Down Enabled
[INFO ] 2023-01-06 09:32:46.030 [main] Log - Jackets Top Drop Down Displayed
[INFO ] 2023-01-06 09:32:46.031 [main] Log - Jackets Top Drop Down Enabled
[INFO ] 2023-01-06 09:32:48.709 [main] Log - Hoodies Top Drop Down Displayed
[INFO ] 2023-01-06 09:32:48.710 [main] Log - Hoodies Top Drop Down Enabled
[INFO ] 2023-01-06 09:32:51.366 [main] Log - Tees Top Drop Down Displayed
[INFO ] 2023-01-06 09:32:51.366 [main] Log - Tees Top Drop Down Enabled
[INFO ] 2023-01-06 09:32:54.049 [main] Log - Bars Top Drop Down Displayed
[INFO ] 2023-01-06 09:32:54.050 [main] Log - Bars Top Drop Down Enabled
[INFO ] 2023-01-06 09:32:56.211 [main] Log -  Women Drop Down Displayed
[INFO ] 2023-01-06 09:32:56.211 [main] Log -  Women Drop Down Enabled
[INFO ] 2023-01-06 09:32:56.366 [main] Log -  Women Bottom Drop Down Displayed
[INFO ] 2023-01-06 09:32:56.366 [main] Log -  Women Bottom  Drop Down Enabled
[INFO ] 2023-01-06 09:32:57.832 [main] Log - Pants Top Drop Down Displayed
[INFO ] 2023-01-06 09:32:57.832 [main] Log - Pants Top Drop Down Enabled
[INFO ] 2023-01-06 09:33:00.317 [main] Log - Shorts Top Drop Down Displayed
[INFO ] 2023-01-06 09:33:00.318 [main] Log - Shorts Top Drop Down Enabled
[INFO ] 2023-01-06 09:33:01.501 [main] Log -  Men  Drop Down Displayed
[INFO ] 2023-01-06 09:33:01.501 [main] Log -  Men  Drop Down Enabled
[INFO ] 2023-01-06 09:33:01.669 [main] Log -  Men Top Drop Down Displayed
[INFO ] 2023-01-06 09:33:01.671 [main] Log -  Men Top  Drop Down Enabled
[INFO ] 2023-01-06 09:33:03.100 [main] Log - Jackets Top Drop Down Displayed
[INFO ] 2023-01-06 09:33:03.100 [main] Log - Jackets Top Drop Down Enabled
[INFO ] 2023-01-06 09:33:05.686 [main] Log - Hoodies Top Drop Down Displayed
[INFO ] 2023-01-06 09:33:05.687 [main] Log - Hoodies Top Drop Down Enabled
[INFO ] 2023-01-06 09:33:07.967 [main] Log - Tees Top Drop Down Displayed
[INFO ] 2023-01-06 09:33:07.967 [main] Log - Tees Top Drop Down Enabled
[INFO ] 2023-01-06 09:33:10.220 [main] Log - Tanks Top Drop Down Displayed
[INFO ] 2023-01-06 09:33:10.220 [main] Log - Tanks Top Drop Down Enabled
[INFO ] 2023-01-06 09:33:11.430 [main] Log -  Men  Drop Down Displayed
[INFO ] 2023-01-06 09:33:11.430 [main] Log -  Men  Drop Down Enabled
[INFO ] 2023-01-06 09:33:11.606 [main] Log -  Men Bottom Drop Down Displayed
[INFO ] 2023-01-06 09:33:11.606 [main] Log -  Men Bottom Drop Down Enabled
[INFO ] 2023-01-06 09:33:12.951 [main] Log - Pants Top Drop Down Displayed
[INFO ] 2023-01-06 09:33:12.952 [main] Log - Pants Top Drop Down Enabled
[INFO ] 2023-01-06 09:33:15.623 [main] Log - Shorts Top Drop Down Displayed
[INFO ] 2023-01-06 09:33:15.623 [main] Log - Shorts Top Drop Down Enabled
[INFO ] 2023-01-06 09:33:16.828 [main] Log - Gear Drop down  Displayed
[INFO ] 2023-01-06 09:33:16.829 [main] Log - Gear Drop down Enabled
[INFO ] 2023-01-06 09:33:18.117 [main] Log - Bags Top Drop Down Displayed
[INFO ] 2023-01-06 09:33:18.117 [main] Log - Bags Top Drop Down Enabled
[INFO ] 2023-01-06 09:33:20.729 [main] Log - Fitness Top Drop Down Displayed
[INFO ] 2023-01-06 09:33:20.730 [main] Log - Fitness Top Drop Down Enabled
[INFO ] 2023-01-06 09:33:23.269 [main] Log - Watches Top Drop Down Displayed
[INFO ] 2023-01-06 09:33:23.269 [main] Log - Watches Top Drop Down Enabled
[INFO ] 2023-01-06 09:35:14.475 [main] Log - Product Price :45.0
[INFO ] 2023-01-06 09:35:14.512 [main] Log - Part jacket, part shirt, the Proteus Fitness Jackshirt makes an ideal companion for outdoor training, camping or loafing on crisp days. Natural Cocona® technology brings breathable comfort and increased dryness along with UV protection and odor management. The drop-tail hem provides extra coverage when you're riding a bike or replacing a sink valve.
• 1/4 zip. Stand-up collar.
• Machine wash/dry.
• Quilted inner layer.
[INFO ] 2023-01-06 09:41:32.867 [main] Log - is Displayed
[INFO ] 2023-01-06 09:41:35.285 [main] Log - Women Drop Down Displayed
[INFO ] 2023-01-06 09:41:35.285 [main] Log - Women Drop Down Enabled
[INFO ] 2023-01-06 09:41:35.461 [main] Log - Women Top Drop Down Displayed
[INFO ] 2023-01-06 09:41:35.461 [main] Log - Women Top Drop Down Enabled
[INFO ] 2023-01-06 09:41:37.036 [main] Log - Jackets Top Drop Down Displayed
[INFO ] 2023-01-06 09:41:37.036 [main] Log - Jackets Top Drop Down Enabled
[INFO ] 2023-01-06 09:41:39.746 [main] Log - Hoodies Top Drop Down Displayed
[INFO ] 2023-01-06 09:41:39.746 [main] Log - Hoodies Top Drop Down Enabled
[INFO ] 2023-01-06 09:41:42.017 [main] Log - Tees Top Drop Down Displayed
[INFO ] 2023-01-06 09:41:42.017 [main] Log - Tees Top Drop Down Enabled
[INFO ] 2023-01-06 09:41:44.278 [main] Log - Bars Top Drop Down Displayed
[INFO ] 2023-01-06 09:41:44.279 [main] Log - Bars Top Drop Down Enabled
[INFO ] 2023-01-06 09:41:46.522 [main] Log -  Women Drop Down Displayed
[INFO ] 2023-01-06 09:41:46.523 [main] Log -  Women Drop Down Enabled
[INFO ] 2023-01-06 09:41:46.706 [main] Log -  Women Bottom Drop Down Displayed
[INFO ] 2023-01-06 09:41:46.706 [main] Log -  Women Bottom  Drop Down Enabled
[INFO ] 2023-01-06 09:41:47.709 [main] Log - Pants Top Drop Down Displayed
[INFO ] 2023-01-06 09:41:47.709 [main] Log - Pants Top Drop Down Enabled
[INFO ] 2023-01-06 09:41:50.483 [main] Log - Shorts Top Drop Down Displayed
[INFO ] 2023-01-06 09:41:50.484 [main] Log - Shorts Top Drop Down Enabled
[INFO ] 2023-01-06 09:41:51.670 [main] Log -  Men  Drop Down Displayed
[INFO ] 2023-01-06 09:41:51.670 [main] Log -  Men  Drop Down Enabled
[INFO ] 2023-01-06 09:41:51.840 [main] Log -  Men Top Drop Down Displayed
[INFO ] 2023-01-06 09:41:51.841 [main] Log -  Men Top  Drop Down Enabled
[INFO ] 2023-01-06 09:41:52.789 [main] Log - Jackets Top Drop Down Displayed
[INFO ] 2023-01-06 09:41:52.789 [main] Log - Jackets Top Drop Down Enabled
[INFO ] 2023-01-06 09:41:55.365 [main] Log - Hoodies Top Drop Down Displayed
[INFO ] 2023-01-06 09:41:55.365 [main] Log - Hoodies Top Drop Down Enabled
[INFO ] 2023-01-06 09:41:57.858 [main] Log - Tees Top Drop Down Displayed
[INFO ] 2023-01-06 09:41:57.859 [main] Log - Tees Top Drop Down Enabled
[INFO ] 2023-01-06 09:42:00.296 [main] Log - Tanks Top Drop Down Displayed
[INFO ] 2023-01-06 09:42:00.297 [main] Log - Tanks Top Drop Down Enabled
[INFO ] 2023-01-06 09:42:01.455 [main] Log -  Men  Drop Down Displayed
[INFO ] 2023-01-06 09:42:01.455 [main] Log -  Men  Drop Down Enabled
[INFO ] 2023-01-06 09:42:01.634 [main] Log -  Men Bottom Drop Down Displayed
[INFO ] 2023-01-06 09:42:01.634 [main] Log -  Men Bottom Drop Down Enabled
[INFO ] 2023-01-06 09:42:03.085 [main] Log - Pants Top Drop Down Displayed
[INFO ] 2023-01-06 09:42:03.085 [main] Log - Pants Top Drop Down Enabled
[INFO ] 2023-01-06 09:42:05.932 [main] Log - Shorts Top Drop Down Displayed
[INFO ] 2023-01-06 09:42:05.932 [main] Log - Shorts Top Drop Down Enabled
[INFO ] 2023-01-06 09:42:07.119 [main] Log - Gear Drop down  Displayed
[INFO ] 2023-01-06 09:42:07.120 [main] Log - Gear Drop down Enabled
[INFO ] 2023-01-06 09:42:08.428 [main] Log - Bags Top Drop Down Displayed
[INFO ] 2023-01-06 09:42:08.429 [main] Log - Bags Top Drop Down Enabled
[INFO ] 2023-01-06 09:42:10.623 [main] Log - Fitness Top Drop Down Displayed
[INFO ] 2023-01-06 09:42:10.624 [main] Log - Fitness Top Drop Down Enabled
[INFO ] 2023-01-06 09:42:13.076 [main] Log - Watches Top Drop Down Displayed
[INFO ] 2023-01-06 09:42:13.076 [main] Log - Watches Top Drop Down Enabled
[INFO ] 2023-01-06 09:43:29.816 [main] Log - Product Price :45.0
[INFO ] 2023-01-06 09:43:29.858 [main] Log - Part jacket, part shirt, the Proteus Fitness Jackshirt makes an ideal companion for outdoor training, camping or loafing on crisp days. Natural Cocona® technology brings breathable comfort and increased dryness along with UV protection and odor management. The drop-tail hem provides extra coverage when you're riding a bike or replacing a sink valve.
• 1/4 zip. Stand-up collar.
• Machine wash/dry.
• Quilted inner layer.
[DEBUG] 2023-01-06 12:26:12.385 [main] PackageRelationshipCollection - Parsing relationship: /xl/_rels/workbook.xml.rels
[DEBUG] 2023-01-06 12:26:12.394 [main] PackageRelationshipCollection - Parsing relationship: /xl/worksheets/_rels/sheet1.xml.rels
[DEBUG] 2023-01-06 12:26:12.417 [main] PackageRelationshipCollection - Parsing relationship: /_rels/.rels
[DEBUG] 2023-01-06 12:27:25.849 [main] PackageRelationshipCollection - Parsing relationship: /xl/_rels/workbook.xml.rels
[DEBUG] 2023-01-06 12:27:25.861 [main] PackageRelationshipCollection - Parsing relationship: /xl/worksheets/_rels/sheet1.xml.rels
[DEBUG] 2023-01-06 12:27:25.881 [main] PackageRelationshipCollection - Parsing relationship: /_rels/.rels
[DEBUG] 2023-01-06 12:28:36.716 [main] PackageRelationshipCollection - Parsing relationship: /xl/_rels/workbook.xml.rels
[DEBUG] 2023-01-06 12:28:36.725 [main] PackageRelationshipCollection - Parsing relationship: /xl/worksheets/_rels/sheet1.xml.rels
[DEBUG] 2023-01-06 12:28:36.738 [main] PackageRelationshipCollection - Parsing relationship: /_rels/.rels
[DEBUG] 2023-01-06 12:29:28.561 [main] PackageRelationshipCollection - Parsing relationship: /xl/_rels/workbook.xml.rels
[DEBUG] 2023-01-06 12:29:28.569 [main] PackageRelationshipCollection - Parsing relationship: /xl/worksheets/_rels/sheet1.xml.rels
[DEBUG] 2023-01-06 12:29:28.588 [main] PackageRelationshipCollection - Parsing relationship: /_rels/.rels
[DEBUG] 2023-01-06 12:32:01.630 [main] PackageRelationshipCollection - Parsing relationship: /xl/_rels/workbook.xml.rels
[DEBUG] 2023-01-06 12:32:01.639 [main] PackageRelationshipCollection - Parsing relationship: /xl/worksheets/_rels/sheet1.xml.rels
[DEBUG] 2023-01-06 12:32:01.654 [main] PackageRelationshipCollection - Parsing relationship: /_rels/.rels
[DEBUG] 2023-01-06 12:33:02.791 [main] PackageRelationshipCollection - Parsing relationship: /xl/_rels/workbook.xml.rels
[DEBUG] 2023-01-06 12:33:02.805 [main] PackageRelationshipCollection - Parsing relationship: /xl/worksheets/_rels/sheet1.xml.rels
[DEBUG] 2023-01-06 12:33:02.831 [main] PackageRelationshipCollection - Parsing relationship: /_rels/.rels
[INFO ] 2023-01-06 12:33:05.310 [main] Log - CreateAccount is displayed
[INFO ] 2023-01-06 12:33:11.969 [main] Log - First Name is displayedpavan
[INFO ] 2023-01-06 12:33:12.057 [main] Log - Last Name is displayedreddy
[INFO ] 2023-01-06 12:33:12.122 [main] Log - subscribed is displayed
[INFO ] 2023-01-06 12:33:12.222 [main] Log - Email is displayedpavan953@gamil.com
[INFO ] 2023-01-06 12:33:12.326 [main] Log - Password is displayed*Pavan@4331
[INFO ] 2023-01-06 12:33:12.397 [main] Log - Email is displayed*Pavan@4331
[DEBUG] 2023-01-06 12:34:07.137 [main] PackageRelationshipCollection - Parsing relationship: /xl/_rels/workbook.xml.rels
[DEBUG] 2023-01-06 12:34:07.145 [main] PackageRelationshipCollection - Parsing relationship: /xl/worksheets/_rels/sheet1.xml.rels
[DEBUG] 2023-01-06 12:34:07.166 [main] PackageRelationshipCollection - Parsing relationship: /_rels/.rels
[INFO ] 2023-01-06 12:34:09.744 [main] Log - CreateAccount is displayed
[INFO ] 2023-01-06 12:34:16.033 [main] Log - First Name is displayedpavan
[INFO ] 2023-01-06 12:34:16.112 [main] Log - Last Name is displayedreddy
[INFO ] 2023-01-06 12:34:16.184 [main] Log - subscribed is displayed
[INFO ] 2023-01-06 12:34:16.283 [main] Log - Email is displayedpavan641@gamil.com
[INFO ] 2023-01-06 12:34:16.382 [main] Log - Password is displayed*Pavan@4331
[INFO ] 2023-01-06 12:34:16.448 [main] Log - Email is displayed*Pavan@4331
[INFO ] 2023-01-06 12:34:20.548 [main] Log - Submit is Enabled
